-----------------------------------------------
Coordinates of template with ideal cof geometry
-----------------------------------------------
   0.000   0.000   0.000
   1.732   1.732   1.732
  -3.000   0.000   0.000
   0.000   0.000  -3.000
   3.000   0.000   0.000
   0.000  -3.000   0.000
   0.000   3.000   0.000
---------------------------------------------
Coordinates of the fitted metal site and RMSD
---------------------------------------------
   0.000   0.000   0.000   0.000
   0.717   0.634   2.843   1.863
  -2.986   0.028   0.284   0.286
  -0.331  -0.415  -2.953   0.533
   2.935   0.100  -0.612   0.624
  -0.262  -2.939   0.542   0.605
  -0.238   2.974  -0.319   0.399
--------------------
Total RMSD:   0.890
--------------------
