-----------------------------------------------
Coordinates of template with ideal con geometry
-----------------------------------------------
   0.000   0.000   0.000
  -3.000   0.000   0.000
   1.732   1.732   1.732
   3.000   0.000   0.000
   0.000  -3.000   0.000
   0.000   3.000   0.000
   0.000   0.000   3.000
---------------------------------------------
Coordinates of the fitted metal site and RMSD
---------------------------------------------
   0.000   0.000   0.000   0.000
  -2.985   0.100   0.285   0.302
   0.674   2.459   1.581   1.292
   2.933  -0.553  -0.302   0.634
  -0.370  -2.595  -1.458   1.558
   0.008   1.860  -2.354   2.615
  -0.064  -1.402   2.651   1.446
--------------------
Total RMSD:   1.501
--------------------
