-----------------------------------------------
Coordinates of template with ideal ctf geometry
-----------------------------------------------
   0.000   0.000   0.000
   1.964   1.964  -1.134
  -1.964   0.000   2.268
  -1.964  -1.964  -1.134
   0.000   0.000  -3.000
   1.964   0.000   2.268
  -1.964   1.964  -1.134
---------------------------------------------
Coordinates of the fitted metal site and RMSD
---------------------------------------------
   0.000   0.000   0.000   0.000
   1.681   2.481  -0.143   1.153
  -1.352   0.537   2.624   0.888
  -1.688  -2.460  -0.314   0.998
   1.050  -0.695  -2.723   1.289
   2.013  -1.474   1.666   1.593
  -2.153   1.715  -1.193   0.318
--------------------
Total RMSD:   1.112
--------------------
