-----------------------------------------------
Coordinates of template with ideal ctn geometry
-----------------------------------------------
   0.000   0.000   0.000
  -1.964  -1.964  -1.134
   1.964  -1.964  -1.134
   1.964   1.964  -1.134
  -1.964   1.964  -1.134
   1.964   0.000   2.268
   0.000   0.000  -3.000
---------------------------------------------
Coordinates of the fitted metal site and RMSD
---------------------------------------------
   0.000   0.000   0.000   0.000
  -2.252  -1.965   0.257   1.420
   2.242  -1.952  -0.404   0.781
   1.940   2.246  -0.436   0.753
  -2.062   2.171   0.187   1.341
   0.731  -0.200   2.903   1.401
  -0.457  -0.273  -2.952   0.534
--------------------
Total RMSD:   1.099
--------------------
