-----------------------------------------------
Coordinates of template with ideal oct geometry
-----------------------------------------------
   0.000   0.000   0.000
   0.000  -3.000   0.000
   0.000   0.000   3.000
   0.000   3.000   0.000
   0.000   0.000  -3.000
  -3.000   0.000   0.000
   3.000   0.000   0.000
---------------------------------------------
Coordinates of the fitted metal site and RMSD
---------------------------------------------
   0.000   0.000   0.000   0.000
   0.164  -2.986  -0.243   0.294
   0.034   0.199   2.993   0.202
   0.062   2.995  -0.153   0.165
   0.145   0.109  -2.995   0.182
  -2.983  -0.020   0.321   0.322
   2.990  -0.123   0.209   0.243
--------------------
Total RMSD:   0.242
--------------------
