-----------------------------------------------
Coordinates of template with ideal pva geometry
-----------------------------------------------
   0.000   0.000   0.000
   0.000   2.853   0.927
   0.000  -1.763  -2.427
   0.000  -2.853   0.927
   0.000   0.000   3.000
   0.000   1.763  -2.427
   3.000   0.000   0.000
---------------------------------------------
Coordinates of the fitted metal site and RMSD
---------------------------------------------
   0.000   0.000   0.000   0.000
   0.839   2.880  -0.005   1.254
   0.840  -0.707  -2.792   1.398
  -0.746  -2.870   0.452   0.884
  -0.753   0.373   2.880   0.849
  -2.658   0.595  -1.257   3.130
   2.853  -0.549   0.746   0.938
--------------------
Total RMSD:   1.618
--------------------
