-----------------------------------------------
Coordinates of template with ideal pvp geometry
-----------------------------------------------
   0.000   0.000   0.000
   3.000   0.000   0.000
   0.000  -1.763  -2.427
  -3.000   0.000   0.000
   0.000   0.000   3.000
   0.000   1.763  -2.427
   0.000  -2.853   0.927
---------------------------------------------
Coordinates of the fitted metal site and RMSD
---------------------------------------------
   0.000   0.000   0.000   0.000
   2.987  -0.019   0.280   0.281
  -0.202  -1.393  -2.649   0.477
  -2.995  -0.002   0.177   0.177
  -0.104   1.232   2.733   1.265
  -0.000   2.510  -1.643   1.083
   0.142  -2.757   1.173   0.300
--------------------
Total RMSD:   0.730
--------------------
