-----------------------------------------------
Coordinates of template with ideal tpr geometry
-----------------------------------------------
   0.000   0.000   0.000
   1.964   0.000   2.268
  -1.964   1.964  -1.134
  -1.964  -1.964  -1.134
   1.964  -1.964  -1.134
  -1.964   0.000   2.268
   1.964   1.964  -1.134
---------------------------------------------
Coordinates of the fitted metal site and RMSD
---------------------------------------------
   0.000   0.000   0.000   0.000
   1.966   1.060   2.002   1.093
  -1.785   2.404  -0.177   1.068
  -1.615  -1.301  -2.167   1.276
   1.713  -2.457  -0.167   1.114
  -1.920  -0.914   2.116   0.928
   1.708   1.412  -2.022   1.077
--------------------
Total RMSD:   1.097
--------------------
