-----------------------------------------------
Coordinates of template with ideal cof geometry
-----------------------------------------------
   0.000   0.000   0.000
   0.000   0.000  -3.000
  -3.000   0.000   0.000
   3.000   0.000   0.000
   0.000  -3.000   0.000
   1.732   1.732   1.732
   0.000   3.000   0.000
---------------------------------------------
Coordinates of the fitted metal site and RMSD
---------------------------------------------
   0.000   0.000   0.000   0.000
  -0.265  -0.089  -2.987   0.280
  -2.997   0.039  -0.122   0.128
   2.970   0.068  -0.419   0.425
   0.472  -2.808   0.945   1.074
   1.547   0.507   2.520   1.468
  -0.099   2.996  -0.128   0.162
--------------------
Total RMSD:   0.776
--------------------
