-----------------------------------------------
Coordinates of template with ideal con geometry
-----------------------------------------------
   0.000   0.000   0.000
   0.000   0.000   3.000
  -3.000   0.000   0.000
   1.732   1.732   1.732
   0.000   3.000   0.000
   3.000   0.000   0.000
   0.000  -3.000   0.000
---------------------------------------------
Coordinates of the fitted metal site and RMSD
---------------------------------------------
   0.000   0.000   0.000   0.000
  -1.349  -0.225   2.670   1.407
  -2.741  -0.686  -1.009   1.248
   2.543   0.531   1.501   1.468
   0.127   2.914  -0.701   0.718
   2.432   0.051  -1.756   1.847
   0.551  -2.948   0.083   0.560
--------------------
Total RMSD:   1.286
--------------------
