-----------------------------------------------
Coordinates of template with ideal ctf geometry
-----------------------------------------------
   0.000   0.000   0.000
  -1.964  -1.964  -1.134
  -1.964   0.000   2.268
   0.000   0.000  -3.000
   1.964   0.000   2.268
   1.964   1.964  -1.134
  -1.964   1.964  -1.134
---------------------------------------------
Coordinates of the fitted metal site and RMSD
---------------------------------------------
   0.000   0.000   0.000   0.000
  -1.729  -2.360  -0.664   0.657
  -1.728   0.086   2.451   0.310
   1.349  -0.438  -2.644   1.462
   2.553  -1.057   1.169   1.635
   1.909   2.192  -0.741   0.458
  -2.019   1.789  -1.312   0.256
--------------------
Total RMSD:   0.967
--------------------
