-----------------------------------------------
Coordinates of template with ideal ctn geometry
-----------------------------------------------
   0.000   0.000   0.000
   1.964   1.964  -1.134
   1.964   0.000   2.268
   0.000   0.000  -3.000
  -1.964   1.964  -1.134
  -1.964  -1.964  -1.134
   1.964  -1.964  -1.134
---------------------------------------------
Coordinates of the fitted metal site and RMSD
---------------------------------------------
   0.000   0.000   0.000   0.000
   2.285   1.844  -0.617   0.620
   1.069   0.238   2.793   1.065
  -0.591  -0.005  -2.941   0.594
  -2.477   1.679   0.217   1.473
  -2.101  -1.991  -0.790   0.371
   1.850  -2.335  -0.355   0.870
--------------------
Total RMSD:   0.907
--------------------
