-----------------------------------------------
Coordinates of template with ideal oct geometry
-----------------------------------------------
   0.000   0.000   0.000
   3.000   0.000   0.000
   0.000   0.000  -3.000
   0.000   0.000   3.000
   0.000  -3.000   0.000
  -3.000   0.000   0.000
   0.000   3.000   0.000
---------------------------------------------
Coordinates of the fitted metal site and RMSD
---------------------------------------------
   0.000   0.000   0.000   0.000
   2.966   0.349   0.287   0.453
   0.649   0.206  -2.922   0.685
  -0.133  -0.022   2.997   0.135
  -0.586  -2.934   0.225   0.631
  -2.802   0.066   1.069   1.089
  -0.303   2.985  -0.004   0.304
--------------------
Total RMSD:   0.628
--------------------
