-----------------------------------------------
Coordinates of template with ideal pva geometry
-----------------------------------------------
   0.000   0.000   0.000
   0.000   1.763  -2.427
   0.000   2.853   0.927
   0.000  -1.763  -2.427
   0.000   0.000   3.000
   0.000  -2.853   0.927
   3.000   0.000   0.000
---------------------------------------------
Coordinates of the fitted metal site and RMSD
---------------------------------------------
   0.000   0.000   0.000   0.000
  -0.715   1.766  -2.317   0.723
   0.667   2.623   1.294   0.795
  -0.684  -2.330  -1.762   1.110
  -2.548  -0.683   1.429   3.070
   0.721  -2.653   1.200   0.796
   2.832  -0.069  -0.987   1.004
--------------------
Total RMSD:   1.497
--------------------
