-----------------------------------------------
Coordinates of template with ideal pvp geometry
-----------------------------------------------
   0.000   0.000   0.000
   0.000  -2.853   0.927
   0.000   0.000   3.000
   0.000  -1.763  -2.427
   3.000   0.000   0.000
   0.000   1.763  -2.427
  -3.000   0.000   0.000
---------------------------------------------
Coordinates of the fitted metal site and RMSD
---------------------------------------------
   0.000   0.000   0.000   0.000
  -0.318  -2.777   1.088   0.365
  -0.229   0.745   2.897   0.786
   0.051  -1.241  -2.731   0.607
   2.930   0.458  -0.452   0.648
  -0.081   2.012  -2.224   0.331
  -2.987   0.233  -0.149   0.277
--------------------
Total RMSD:   0.536
--------------------
