-----------------------------------------------
Coordinates of template with ideal tpr geometry
-----------------------------------------------
   0.000   0.000   0.000
  -1.964   0.000   2.268
  -1.964   1.964  -1.134
   1.964   0.000   2.268
   1.964   1.964  -1.134
   1.964  -1.964  -1.134
  -1.964  -1.964  -1.134
---------------------------------------------
Coordinates of the fitted metal site and RMSD
---------------------------------------------
   0.000   0.000   0.000   0.000
  -1.693   0.775   2.352   0.826
  -2.188   1.365  -1.533   0.754
   1.836  -1.340   1.958   1.382
   2.190   2.036  -0.242   0.923
   2.148  -1.635  -1.308   0.415
  -1.595  -2.528  -0.255   1.108
--------------------
Total RMSD:   0.950
--------------------
