-----------------------------------------------
Coordinates of template with ideal cof geometry
-----------------------------------------------
   0.000   0.000   0.000
   1.732   1.732   1.732
   0.000  -3.000   0.000
   3.000   0.000   0.000
   0.000   3.000   0.000
  -3.000   0.000   0.000
   0.000   0.000  -3.000
---------------------------------------------
Coordinates of the fitted metal site and RMSD
---------------------------------------------
   0.000   0.000   0.000   0.000
   0.679   0.850   2.796   1.737
  -0.115  -2.991   0.196   0.228
   2.927  -0.162  -0.636   0.660
  -0.437   2.938  -0.424   0.612
  -2.966   0.258   0.368   0.451
  -0.218  -0.503  -2.949   0.551
--------------------
Total RMSD:   0.855
--------------------
