-----------------------------------------------
Coordinates of template with ideal con geometry
-----------------------------------------------
   0.000   0.000   0.000
   0.000   3.000   0.000
   0.000  -3.000   0.000
  -3.000   0.000   0.000
   1.732   1.732   1.732
   3.000   0.000   0.000
   0.000   0.000   3.000
---------------------------------------------
Coordinates of the fitted metal site and RMSD
---------------------------------------------
   0.000   0.000   0.000   0.000
  -0.169   1.913  -2.305   2.554
  -0.444  -2.673  -1.287   1.400
  -2.957   0.281   0.418   0.506
   0.944   2.421   1.499   1.072
   2.982  -0.297  -0.133   0.326
  -0.231  -1.550   2.558   1.628
--------------------
Total RMSD:   1.452
--------------------
