-----------------------------------------------
Coordinates of template with ideal ctf geometry
-----------------------------------------------
   0.000   0.000   0.000
   1.964   0.000   2.268
   0.000   0.000  -3.000
   1.964   1.964  -1.134
  -1.964   0.000   2.268
  -1.964  -1.964  -1.134
  -1.964   1.964  -1.134
---------------------------------------------
Coordinates of the fitted metal site and RMSD
---------------------------------------------
   0.000   0.000   0.000   0.000
   2.080  -1.304   1.725   1.417
   0.951  -0.580  -2.785   1.135
   1.610   2.531   0.014   1.329
  -1.462   0.329   2.599   0.685
  -1.845  -2.366  -0.008   1.201
  -1.974   1.784  -1.387   0.311
--------------------
Total RMSD:   1.085
--------------------
