-----------------------------------------------
Coordinates of template with ideal ctn geometry
-----------------------------------------------
   0.000   0.000   0.000
   1.964   0.000   2.268
  -1.964  -1.964  -1.134
   1.964  -1.964  -1.134
   1.964   1.964  -1.134
  -1.964   1.964  -1.134
   0.000   0.000  -3.000
---------------------------------------------
Coordinates of the fitted metal site and RMSD
---------------------------------------------
   0.000   0.000   0.000   0.000
   0.901   0.153   2.857   1.225
  -2.208  -2.030   0.080   1.240
   1.989  -2.193  -0.484   0.690
   1.795   2.379  -0.339   0.913
  -1.931   2.285   0.218   1.390
  -0.322  -0.236  -2.973   0.400
--------------------
Total RMSD:   1.036
--------------------
