-----------------------------------------------
Coordinates of template with ideal oct geometry
-----------------------------------------------
   0.000   0.000   0.000
   0.000   0.000  -3.000
   0.000  -3.000   0.000
  -3.000   0.000   0.000
   0.000   3.000   0.000
   3.000   0.000   0.000
   0.000   0.000   3.000
---------------------------------------------
Coordinates of the fitted metal site and RMSD
---------------------------------------------
   0.000   0.000   0.000   0.000
  -0.198   0.355  -2.972   0.407
   0.097  -2.980   0.334   0.349
  -2.994  -0.086   0.164   0.186
   0.410   2.972  -0.014   0.411
   2.990   0.227   0.086   0.243
  -0.276   0.007   2.987   0.277
--------------------
Total RMSD:   0.323
--------------------
