-----------------------------------------------
Coordinates of template with ideal pva geometry
-----------------------------------------------
   0.000   0.000   0.000
   0.000  -2.853   0.927
   0.000   1.763  -2.427
   0.000  -1.763  -2.427
   0.000   0.000   3.000
   0.000   2.853   0.927
   3.000   0.000   0.000
---------------------------------------------
Coordinates of the fitted metal site and RMSD
---------------------------------------------
   0.000   0.000   0.000   0.000
  -2.564  -1.428   0.623   2.949
  -0.595   1.389  -2.592   0.722
   0.945  -2.410  -1.517   1.463
   0.748  -0.841   2.781   1.147
  -0.673   2.445   1.603   1.037
   2.814   0.893  -0.535   1.057
--------------------
Total RMSD:   1.574
--------------------
