-----------------------------------------------
Coordinates of template with ideal pvp geometry
-----------------------------------------------
   0.000   0.000   0.000
   0.000   0.000   3.000
   0.000   1.763  -2.427
  -3.000   0.000   0.000
   0.000  -2.853   0.927
   3.000   0.000   0.000
   0.000  -1.763  -2.427
---------------------------------------------
Coordinates of the fitted metal site and RMSD
---------------------------------------------
   0.000   0.000   0.000   0.000
  -0.175   1.033   2.811   1.065
   0.064   2.503  -1.653   1.073
  -2.996  -0.016  -0.154   0.155
   0.440  -2.639   1.358   0.652
   2.992  -0.223  -0.005   0.223
  -0.296  -1.365  -2.655   0.546
--------------------
Total RMSD:   0.717
--------------------
