-----------------------------------------------
Coordinates of template with ideal tpr geometry
-----------------------------------------------
   0.000   0.000   0.000
  -1.964  -1.964  -1.134
   1.964   1.964  -1.134
   1.964  -1.964  -1.134
  -1.964   0.000   2.268
  -1.964   1.964  -1.134
   1.964   0.000   2.268
---------------------------------------------
Coordinates of the fitted metal site and RMSD
---------------------------------------------
   0.000   0.000   0.000   0.000
  -1.816  -1.508  -1.851   0.863
   1.867   1.421  -1.870   0.920
   1.859  -2.354   0.054   1.255
  -1.966  -0.873   2.091   0.891
  -1.793   2.395   0.222   1.433
   1.886   0.979   2.118   0.993
--------------------
Total RMSD:   1.080
--------------------
