-----------------------------------------------
Coordinates of template with ideal cof geometry
-----------------------------------------------
   0.000   0.000   0.000
  -3.000   0.000   0.000
   3.000   0.000   0.000
   0.000  -3.000   0.000
   0.000   3.000   0.000
   0.000   0.000  -3.000
   1.732   1.732   1.732
---------------------------------------------
Coordinates of the fitted metal site and RMSD
---------------------------------------------
   0.000   0.000   0.000   0.000
  -2.992  -0.220   0.022   0.221
   2.949   0.091  -0.541   0.551
   0.295  -2.823   0.970   1.029
   0.249   2.989   0.082   0.263
  -0.082  -0.114  -2.997   0.141
   1.410   0.791   2.527   1.273
--------------------
Total RMSD:   0.721
--------------------
