-----------------------------------------------
Coordinates of template with ideal con geometry
-----------------------------------------------
   0.000   0.000   0.000
   0.000  -3.000   0.000
   0.000   3.000   0.000
   3.000   0.000   0.000
   0.000   0.000   3.000
  -3.000   0.000   0.000
   1.732   1.732   1.732
---------------------------------------------
Coordinates of the fitted metal site and RMSD
---------------------------------------------
   0.000   0.000   0.000   0.000
  -0.053  -2.993  -0.192   0.200
  -0.374   2.974  -0.133   0.398
   2.028   0.187  -2.203   2.415
  -1.101   0.309   2.773   1.166
  -2.703   0.062  -1.299   1.334
   2.075   1.301   1.733   0.551
--------------------
Total RMSD:   1.256
--------------------
