-----------------------------------------------
Coordinates of template with ideal ctf geometry
-----------------------------------------------
   0.000   0.000   0.000
   1.964   0.000   2.268
  -1.964   1.964  -1.134
  -1.964   0.000   2.268
   0.000   0.000  -3.000
   1.964   1.964  -1.134
  -1.964  -1.964  -1.134
---------------------------------------------
Coordinates of the fitted metal site and RMSD
---------------------------------------------
   0.000   0.000   0.000   0.000
   2.325  -1.104   1.541   1.370
  -2.077   1.576  -1.483   0.534
  -1.647   0.235   2.497   0.456
   0.744  -0.982  -2.735   1.260
   1.507   2.577  -0.294   1.136
  -2.121  -1.889  -0.967   0.241
--------------------
Total RMSD:   0.941
--------------------
