-----------------------------------------------
Coordinates of template with ideal ctn geometry
-----------------------------------------------
   0.000   0.000   0.000
   1.964   0.000   2.268
   0.000   0.000  -3.000
   1.964   1.964  -1.134
  -1.964  -1.964  -1.134
   1.964  -1.964  -1.134
  -1.964   1.964  -1.134
---------------------------------------------
Coordinates of the fitted metal site and RMSD
---------------------------------------------
   0.000   0.000   0.000   0.000
   0.839  -0.278   2.867   1.304
  -0.434  -0.059  -2.968   0.439
   1.623   2.503  -0.316   1.037
  -2.472  -1.698   0.070   1.334
   1.805  -2.298  -0.679   0.586
  -2.376   1.711  -0.651   0.683
--------------------
Total RMSD:   0.963
--------------------
