-----------------------------------------------
Coordinates of template with ideal oct geometry
-----------------------------------------------
   0.000   0.000   0.000
   0.000   3.000   0.000
   0.000  -3.000   0.000
   3.000   0.000   0.000
  -3.000   0.000   0.000
   0.000   0.000   3.000
   0.000   0.000  -3.000
---------------------------------------------
Coordinates of the fitted metal site and RMSD
---------------------------------------------
   0.000   0.000   0.000   0.000
   0.110   2.952   0.524   0.537
  -0.062  -2.999   0.009   0.062
   2.945  -0.091  -0.563   0.573
  -2.932  -0.263  -0.580   0.640
  -0.336  -0.441   2.948   0.557
  -0.353  -0.955  -2.822   1.034
--------------------
Total RMSD:   0.634
--------------------
