-----------------------------------------------
Coordinates of template with ideal pva geometry
-----------------------------------------------
   0.000   0.000   0.000
   0.000  -1.763  -2.427
   0.000   0.000   3.000
   0.000   1.763  -2.427
   3.000   0.000   0.000
   0.000  -2.853   0.927
   0.000   2.853   0.927
---------------------------------------------
Coordinates of the fitted metal site and RMSD
---------------------------------------------
   0.000   0.000   0.000   0.000
   0.468  -1.187  -2.715   0.797
  -0.692   0.713   2.831   1.008
  -2.542   1.302  -0.918   2.992
   2.802  -0.143   1.061   1.089
  -0.733  -2.735   0.993   0.745
   0.977   2.783   0.549   1.050
--------------------
Total RMSD:   1.497
--------------------
