-----------------------------------------------
Coordinates of template with ideal pvp geometry
-----------------------------------------------
   0.000   0.000   0.000
   0.000   1.763  -2.427
   0.000  -2.853   0.927
  -3.000   0.000   0.000
   3.000   0.000   0.000
   0.000  -1.763  -2.427
   0.000   0.000   3.000
---------------------------------------------
Coordinates of the fitted metal site and RMSD
---------------------------------------------
   0.000   0.000   0.000   0.000
  -0.061   2.392  -1.809   0.883
   0.011  -2.676   1.356   0.465
  -2.946   0.221   0.524   0.571
   2.928  -0.016   0.655   0.659
   0.325  -1.738  -2.423   0.326
   0.341   0.427   2.950   0.549
--------------------
Total RMSD:   0.600
--------------------
