-----------------------------------------------
Coordinates of template with ideal tpr geometry
-----------------------------------------------
   0.000   0.000   0.000
   1.964   0.000   2.268
  -1.964   1.964  -1.134
  -1.964   0.000   2.268
   1.964  -1.964  -1.134
   1.964   1.964  -1.134
  -1.964  -1.964  -1.134
---------------------------------------------
Coordinates of the fitted metal site and RMSD
---------------------------------------------
   0.000   0.000   0.000   0.000
   1.974  -0.620   2.172   0.627
  -1.735   1.100  -2.186   1.380
  -2.088   0.778   2.008   0.830
   1.237  -1.591  -2.223   1.361
   1.571   2.478  -0.625   0.823
  -1.924  -2.136  -0.857   0.328
--------------------
Total RMSD:   0.968
--------------------
